<?xml version="1.0" encoding="UTF-8"?>
<testng-results skipped="0" failed="0" ignored="0" total="1" passed="1">
  <reporter-output>
  </reporter-output>
  <suite name="Command line suite" duration-ms="81" started-at="2022-01-09T15:52:07 IST" finished-at="2022-01-09T15:52:07 IST">
    <groups>
    </groups>
    <test name="Command line test" duration-ms="81" started-at="2022-01-09T15:52:07 IST" finished-at="2022-01-09T15:52:07 IST">
      <class name="practice.seleniumall.AppTest">
        <test-method status="PASS" signature="testApp()" name="testApp" duration-ms="21" started-at="2022-01-09T15:52:07 IST" finished-at="2022-01-09T15:52:07 IST">
          <reporter-output>
          </reporter-output>
        </test-method> <!-- testApp -->
      </class> <!-- practice.seleniumall.AppTest -->
    </test> <!-- Command line test -->
  </suite> <!-- Command line suite -->
</testng-results>
