<?xml version="1.0" encoding="UTF-8"?>
<testng-results skipped="0" failed="0" ignored="0" total="2" passed="2">
  <reporter-output>
  </reporter-output>
  <suite name="cucumberOptions.TestRunner" duration-ms="14797" started-at="2022-01-09T23:06:23 IST" finished-at="2022-01-09T23:06:38 IST">
    <groups>
      <group name="cucumber">
        <method signature="AbstractTestNGCucumberTests.runScenario(io.cucumber.testng.PickleWrapper,io.cucumber.testng.FeatureWrapper)[pri:0, instance:cucumberOptions.TestRunner@5f282abb]" name="runScenario" class="io.cucumber.testng.AbstractTestNGCucumberTests"/>
      </group> <!-- cucumber -->
    </groups>
    <test name="Command line test" duration-ms="14797" started-at="2022-01-09T23:06:23 IST" finished-at="2022-01-09T23:06:38 IST">
      <class name="cucumberOptions.TestRunner">
        <test-method status="PASS" signature="setUpClass(org.testng.ITestContext)[pri:0, instance:cucumberOptions.TestRunner@5f282abb]" name="setUpClass" is-config="true" duration-ms="243" started-at="2022-01-09T23:06:23 IST" finished-at="2022-01-09T23:06:23 IST">
          <params>
            <param index="0">
              <value>
                <![CDATA[org.testng.TestRunner@7f9e1534]]>
              </value>
            </param>
          </params>
          <reporter-output>
          </reporter-output>
        </test-method> <!-- setUpClass -->
        <test-method status="PASS" signature="runScenario(io.cucumber.testng.PickleWrapper,io.cucumber.testng.FeatureWrapper)[pri:0, instance:cucumberOptions.TestRunner@5f282abb]" name="runScenario" duration-ms="8453" started-at="2022-01-09T23:06:23 IST" description="Runs Cucumber Scenarios" data-provider="scenarios" finished-at="2022-01-09T23:06:32 IST">
          <params>
            <param index="0">
              <value>
                <![CDATA["Verify login functionality with different email id's"]]>
              </value>
            </param>
            <param index="1">
              <value>
                <![CDATA["Optional[Login with different emailids]"]]>
              </value>
            </param>
          </params>
          <reporter-output>
          </reporter-output>
        </test-method> <!-- runScenario -->
        <test-method status="PASS" signature="runScenario(io.cucumber.testng.PickleWrapper,io.cucumber.testng.FeatureWrapper)[pri:0, instance:cucumberOptions.TestRunner@5f282abb]" name="runScenario" duration-ms="6041" started-at="2022-01-09T23:06:32 IST" description="Runs Cucumber Scenarios" data-provider="scenarios" finished-at="2022-01-09T23:06:38 IST">
          <params>
            <param index="0">
              <value>
                <![CDATA["Verify login functionality with different email id's"]]>
              </value>
            </param>
            <param index="1">
              <value>
                <![CDATA["Optional[Login with different emailids]"]]>
              </value>
            </param>
          </params>
          <reporter-output>
          </reporter-output>
        </test-method> <!-- runScenario -->
        <test-method status="PASS" signature="tearDownClass()[pri:0, instance:cucumberOptions.TestRunner@5f282abb]" name="tearDownClass" is-config="true" duration-ms="2" started-at="2022-01-09T23:06:38 IST" finished-at="2022-01-09T23:06:38 IST">
          <reporter-output>
          </reporter-output>
        </test-method> <!-- tearDownClass -->
      </class> <!-- cucumberOptions.TestRunner -->
    </test> <!-- Command line test -->
  </suite> <!-- cucumberOptions.TestRunner -->
</testng-results>
