<?xml version="1.0" encoding="UTF-8"?>
<!-- Generated by org.testng.reporters.JUnitXMLReporter -->
<testsuite hostname="Devesh" ignored="0" name="Command line test" tests="2" failures="0" timestamp="2022-01-09T23:06:38 IST" time="14.797" errors="0">
  <testcase name="runScenario" time="8.453" classname="io.cucumber.testng.AbstractTestNGCucumberTests"/>
  <testcase name="runScenario" time="6.041" classname="io.cucumber.testng.AbstractTestNGCucumberTests"/>
</testsuite> <!-- Command line test -->
